[ 2017-11-28T20:53:07+08:00 ] ::1 /cmApp/index.php
INFO: [ app_begin ] --START--
INFO: Run Behavior\ReadHtmlCache [ RunTime:0.001190s ]
INFO: [ app_begin ] --END-- [ RunTime:0.002570s ]
ERR: Could not open Public/upload/S3316.xlsx for reading! File does not exist.

[ 2017-11-28T20:53:08+08:00 ] ::1 /cmApp/index.php
INFO: [ app_begin ] --START--
INFO: Run Behavior\ReadHtmlCache [ RunTime:0.000848s ]
INFO: [ app_begin ] --END-- [ RunTime:0.001460s ]
ERR: Could not open Public/upload/S3316.xlsx for reading! File does not exist.

[ 2017-11-28T20:53:08+08:00 ] ::1 /cmApp/index.php
INFO: [ app_begin ] --START--
INFO: Run Behavior\ReadHtmlCache [ RunTime:0.001182s ]
INFO: [ app_begin ] --END-- [ RunTime:0.001978s ]
ERR: Could not open Public/upload/S3316.xlsx for reading! File does not exist.

[ 2017-11-28T20:53:09+08:00 ] ::1 /cmApp/index.php
INFO: [ app_begin ] --START--
INFO: Run Behavior\ReadHtmlCache [ RunTime:0.000808s ]
INFO: [ app_begin ] --END-- [ RunTime:0.001388s ]
ERR: Could not open Public/upload/S3316.xlsx for reading! File does not exist.

[ 2017-11-28T20:53:09+08:00 ] ::1 /cmApp/index.php
INFO: [ app_begin ] --START--
INFO: Run Behavior\ReadHtmlCache [ RunTime:0.001714s ]
INFO: [ app_begin ] --END-- [ RunTime:0.003523s ]
ERR: Could not open Public/upload/S3316.xlsx for reading! File does not exist.

[ 2017-11-28T20:53:09+08:00 ] ::1 /cmApp/index.php
INFO: [ app_begin ] --START--
INFO: Run Behavior\ReadHtmlCache [ RunTime:0.000922s ]
INFO: [ app_begin ] --END-- [ RunTime:0.001587s ]
ERR: Could not open Public/upload/S3316.xlsx for reading! File does not exist.

[ 2017-11-28T20:53:09+08:00 ] ::1 /cmApp/index.php
INFO: [ app_begin ] --START--
INFO: Run Behavior\ReadHtmlCache [ RunTime:0.001265s ]
INFO: [ app_begin ] --END-- [ RunTime:0.002108s ]
ERR: Could not open Public/upload/S3316.xlsx for reading! File does not exist.

[ 2017-11-28T20:53:16+08:00 ] ::1 /cmApp/
INFO: [ app_begin ] --START--
INFO: Run Behavior\ReadHtmlCache [ RunTime:0.002207s ]
INFO: [ app_begin ] --END-- [ RunTime:0.003117s ]
ERR: Could not open Public/upload/S3316.xlsx for reading! File does not exist.

[ 2017-11-28T20:54:15+08:00 ] ::1 /cmApp/
INFO: [ app_begin ] --START--
INFO: Run Behavior\ReadHtmlCache [ RunTime:0.000842s ]
INFO: [ app_begin ] --END-- [ RunTime:0.001431s ]
ERR: Could not open Public/upload/S3316.xlsx for reading! File does not exist.

[ 2017-11-28T20:54:55+08:00 ] ::1 /cmApp/
INFO: [ app_begin ] --START--
INFO: Run Behavior\ReadHtmlCache [ RunTime:0.000830s ]
INFO: [ app_begin ] --END-- [ RunTime:0.001392s ]
ERR: Could not open Public/upload/S3316.xlsx for reading! File does not exist.

[ 2017-11-28T20:54:56+08:00 ] ::1 /cmApp/
INFO: [ app_begin ] --START--
INFO: Run Behavior\ReadHtmlCache [ RunTime:0.001112s ]
INFO: [ app_begin ] --END-- [ RunTime:0.001831s ]
ERR: Could not open Public/upload/S3316.xlsx for reading! File does not exist.

[ 2017-11-28T20:54:56+08:00 ] ::1 /cmApp/
INFO: [ app_begin ] --START--
INFO: Run Behavior\ReadHtmlCache [ RunTime:0.001159s ]
INFO: [ app_begin ] --END-- [ RunTime:0.001975s ]
ERR: Could not open Public/upload/S3316.xlsx for reading! File does not exist.

[ 2017-11-28T20:54:56+08:00 ] ::1 /cmApp/
INFO: [ app_begin ] --START--
INFO: Run Behavior\ReadHtmlCache [ RunTime:0.000810s ]
INFO: [ app_begin ] --END-- [ RunTime:0.001382s ]
ERR: Could not open Public/upload/S3316.xlsx for reading! File does not exist.

[ 2017-11-28T20:54:56+08:00 ] ::1 /cmApp/
INFO: [ app_begin ] --START--
INFO: Run Behavior\ReadHtmlCache [ RunTime:0.001547s ]
INFO: [ app_begin ] --END-- [ RunTime:0.002470s ]
ERR: Could not open Public/upload/S3316.xlsx for reading! File does not exist.

[ 2017-11-28T20:54:56+08:00 ] ::1 /cmApp/
INFO: [ app_begin ] --START--
INFO: Run Behavior\ReadHtmlCache [ RunTime:0.002205s ]
INFO: [ app_begin ] --END-- [ RunTime:0.003272s ]
ERR: Could not open Public/upload/S3316.xlsx for reading! File does not exist.

[ 2017-11-28T20:54:57+08:00 ] ::1 /cmApp/
INFO: [ app_begin ] --START--
INFO: Run Behavior\ReadHtmlCache [ RunTime:0.002467s ]
INFO: [ app_begin ] --END-- [ RunTime:0.003284s ]
ERR: Could not open Public/upload/S3316.xlsx for reading! File does not exist.

[ 2017-11-28T20:54:57+08:00 ] ::1 /cmApp/
INFO: [ app_begin ] --START--
INFO: Run Behavior\ReadHtmlCache [ RunTime:0.000841s ]
INFO: [ app_begin ] --END-- [ RunTime:0.001427s ]
ERR: Could not open Public/upload/S3316.xlsx for reading! File does not exist.

[ 2017-11-28T20:55:26+08:00 ] ::1 /cmApp/index.php
INFO: [ app_begin ] --START--
INFO: Run Behavior\ReadHtmlCache [ RunTime:0.001166s ]
INFO: [ app_begin ] --END-- [ RunTime:0.001932s ]
ERR: Could not open Public/upload/S3316.xlsx for reading! File does not exist.

[ 2017-11-28T20:55:29+08:00 ] ::1 /cmApp/index
INFO: [ app_begin ] --START--
INFO: Run Behavior\ReadHtmlCache [ RunTime:0.000760s ]
INFO: [ app_begin ] --END-- [ RunTime:0.001275s ]
ERR: Could not open Public/upload/S3316.xlsx for reading! File does not exist.

[ 2017-11-28T20:56:59+08:00 ] ::1 /cmApp/index
INFO: [ app_begin ] --START--
INFO: Run Behavior\ReadHtmlCache [ RunTime:0.001105s ]
INFO: [ app_begin ] --END-- [ RunTime:0.001789s ]
ERR: Could not open Public/upload/S3316.xlsx for reading! File does not exist.

[ 2017-11-28T20:57:00+08:00 ] ::1 /cmApp/index
INFO: [ app_begin ] --START--
INFO: Run Behavior\ReadHtmlCache [ RunTime:0.001091s ]
INFO: [ app_begin ] --END-- [ RunTime:0.001914s ]
ERR: Could not open Public/upload/S3316.xlsx for reading! File does not exist.

[ 2017-11-28T20:57:00+08:00 ] ::1 /cmApp/index
INFO: [ app_begin ] --START--
INFO: Run Behavior\ReadHtmlCache [ RunTime:0.000831s ]
INFO: [ app_begin ] --END-- [ RunTime:0.001397s ]
ERR: Could not open Public/upload/S3316.xlsx for reading! File does not exist.

[ 2017-11-28T20:57:01+08:00 ] ::1 /cmApp/index
INFO: [ app_begin ] --START--
INFO: Run Behavior\ReadHtmlCache [ RunTime:0.001145s ]
INFO: [ app_begin ] --END-- [ RunTime:0.001943s ]
ERR: Could not open Public/upload/S3316.xlsx for reading! File does not exist.

[ 2017-11-28T20:57:01+08:00 ] ::1 /cmApp/index
INFO: [ app_begin ] --START--
INFO: Run Behavior\ReadHtmlCache [ RunTime:0.001372s ]
INFO: [ app_begin ] --END-- [ RunTime:0.002060s ]
ERR: Could not open Public/upload/S3316.xlsx for reading! File does not exist.

[ 2017-11-28T20:57:01+08:00 ] ::1 /cmApp/index
INFO: [ app_begin ] --START--
INFO: Run Behavior\ReadHtmlCache [ RunTime:0.000822s ]
INFO: [ app_begin ] --END-- [ RunTime:0.001381s ]
ERR: Could not open Public/upload/S3316.xlsx for reading! File does not exist.

[ 2017-11-28T20:57:01+08:00 ] ::1 /cmApp/index
INFO: [ app_begin ] --START--
INFO: Run Behavior\ReadHtmlCache [ RunTime:0.000819s ]
INFO: [ app_begin ] --END-- [ RunTime:0.001403s ]
ERR: Could not open Public/upload/S3316.xlsx for reading! File does not exist.

[ 2017-11-28T20:57:02+08:00 ] ::1 /cmApp/index
INFO: [ app_begin ] --START--
INFO: Run Behavior\ReadHtmlCache [ RunTime:0.001825s ]
INFO: [ app_begin ] --END-- [ RunTime:0.002673s ]
ERR: Could not open Public/upload/S3316.xlsx for reading! File does not exist.

[ 2017-11-28T20:57:02+08:00 ] ::1 /cmApp/index
INFO: [ app_begin ] --START--
INFO: Run Behavior\ReadHtmlCache [ RunTime:0.000810s ]
INFO: [ app_begin ] --END-- [ RunTime:0.001359s ]
ERR: Could not open Public/upload/S3316.xlsx for reading! File does not exist.

[ 2017-11-28T20:57:02+08:00 ] ::1 /cmApp/index
INFO: [ app_begin ] --START--
INFO: Run Behavior\ReadHtmlCache [ RunTime:0.001325s ]
INFO: [ app_begin ] --END-- [ RunTime:0.002167s ]
ERR: Could not open Public/upload/S3316.xlsx for reading! File does not exist.

[ 2017-11-28T20:57:02+08:00 ] ::1 /cmApp/index
INFO: [ app_begin ] --START--
INFO: Run Behavior\ReadHtmlCache [ RunTime:0.000854s ]
INFO: [ app_begin ] --END-- [ RunTime:0.001465s ]
ERR: Could not open Public/upload/S3316.xlsx for reading! File does not exist.

[ 2017-11-28T21:02:00+08:00 ] ::1 /cmApp/
INFO: [ app_begin ] --START--
INFO: Run Behavior\ReadHtmlCache [ RunTime:0.001280s ]
INFO: [ app_begin ] --END-- [ RunTime:0.002187s ]
ERR: Could not open Public/upload/S3316.xlsx for reading! File does not exist.

[ 2017-11-28T21:04:23+08:00 ] ::1 /cmApp/admin
INFO: [ app_begin ] --START--
INFO: Run Behavior\ReadHtmlCache [ RunTime:0.001124s ]
INFO: [ app_begin ] --END-- [ RunTime:0.001802s ]
INFO: [ view_parse ] --START--
INFO: [ template_filter ] --START--
INFO: Run Behavior\ContentReplace [ RunTime:0.000093s ]
INFO: [ template_filter ] --END-- [ RunTime:0.000268s ]
INFO: Run Behavior\ParseTemplate [ RunTime:0.021336s ]
INFO: [ view_parse ] --END-- [ RunTime:0.021555s ]
INFO: [ view_filter ] --START--
INFO: Run Behavior\WriteHtmlCache [ RunTime:0.001609s ]
INFO: [ view_filter ] --END-- [ RunTime:0.001767s ]
INFO: [ app_end ] --START--
INFO: Run Behavior\ShowPageTrace [ RunTime:0.001909s ]
INFO: [ app_end ] --END-- [ RunTime:0.002069s ]

[ 2017-11-28T21:04:36+08:00 ] ::1 /cmApp/admin/index
INFO: [ app_begin ] --START--
INFO: Run Behavior\ReadHtmlCache [ RunTime:0.002357s ]
INFO: [ app_begin ] --END-- [ RunTime:0.003368s ]
INFO: [ view_parse ] --START--
INFO: [ template_filter ] --START--
INFO: Run Behavior\ContentReplace [ RunTime:0.000080s ]
INFO: [ template_filter ] --END-- [ RunTime:0.000271s ]
INFO: Run Behavior\ParseTemplate [ RunTime:0.012487s ]
INFO: [ view_parse ] --END-- [ RunTime:0.012685s ]
INFO: [ view_filter ] --START--
INFO: Run Behavior\WriteHtmlCache [ RunTime:0.001129s ]
INFO: [ view_filter ] --END-- [ RunTime:0.001286s ]
INFO: [ app_end ] --START--
INFO: Run Behavior\ShowPageTrace [ RunTime:0.001390s ]
INFO: [ app_end ] --END-- [ RunTime:0.001571s ]

[ 2017-11-28T21:04:42+08:00 ] ::1 /cmApp/admin/login
INFO: [ app_begin ] --START--
INFO: Run Behavior\ReadHtmlCache [ RunTime:0.000929s ]
INFO: [ app_begin ] --END-- [ RunTime:0.001748s ]
NOTIC: [8] A session had already been started - ignoring session_start() C:\wamp2\www\cmApp\cmApp\Home\Controller\AdminController.class.php 第 846 行.
NOTIC: [8192] mysql_connect(): The mysql extension is deprecated and will be removed in the future: use mysqli or PDO instead C:\wamp2\www\cmApp\ThinkPHP\Library\Think\Db\Driver\Mysql.class.php 第 52 行.
SQL: SHOW COLUMNS FROM `cm_admin` [ RunTime:0.007991s ]
SQL: SELECT * FROM `cm_admin` WHERE ( `a_account` = 'admin1' ) AND ( `a_password` = '202cb962ac59075b964b07152d234b70' ) LIMIT 1   [ RunTime:0.000367s ]
INFO: [ app_end ] --START--
INFO: Run Behavior\ShowPageTrace [ RunTime:0.001676s ]
INFO: [ app_end ] --END-- [ RunTime:0.001849s ]

[ 2017-11-28T21:04:42+08:00 ] ::1 /cmApp/admin/Mains
INFO: [ app_begin ] --START--
INFO: Run Behavior\ReadHtmlCache [ RunTime:0.000799s ]
INFO: [ app_begin ] --END-- [ RunTime:0.001392s ]
INFO: [ view_parse ] --START--
INFO: [ template_filter ] --START--
INFO: Run Behavior\ContentReplace [ RunTime:0.000127s ]
INFO: [ template_filter ] --END-- [ RunTime:0.000326s ]
NOTIC: [8] A session had already been started - ignoring session_start() C:\wamp2\www\cmApp\cmApp\Runtime\Cache\Home\7071017c1fe140a7bed07cd05e036687.php 第 14 行.
INFO: Run Behavior\ParseTemplate [ RunTime:0.014956s ]
INFO: [ view_parse ] --END-- [ RunTime:0.015127s ]
INFO: [ view_filter ] --START--
INFO: Run Behavior\WriteHtmlCache [ RunTime:0.001145s ]
INFO: [ view_filter ] --END-- [ RunTime:0.001301s ]
INFO: [ app_end ] --START--
INFO: Run Behavior\ShowPageTrace [ RunTime:0.001341s ]
INFO: [ app_end ] --END-- [ RunTime:0.001509s ]

[ 2017-11-28T21:04:44+08:00 ] ::1 /cmApp/admin/init
INFO: [ app_begin ] --START--
INFO: Run Behavior\ReadHtmlCache [ RunTime:0.000931s ]
INFO: [ app_begin ] --END-- [ RunTime:0.001578s ]
INFO: [ view_parse ] --START--
INFO: [ template_filter ] --START--
INFO: Run Behavior\ContentReplace [ RunTime:0.000126s ]
INFO: [ template_filter ] --END-- [ RunTime:0.000296s ]
NOTIC: [8] A session had already been started - ignoring session_start() C:\wamp2\www\cmApp\cmApp\Runtime\Cache\Home\029c63d6be0b845b1299cdf7e4d377cc.php 第 162 行.
INFO: Run Behavior\ParseTemplate [ RunTime:0.014033s ]
INFO: [ view_parse ] --END-- [ RunTime:0.014584s ]
INFO: [ view_filter ] --START--
INFO: Run Behavior\WriteHtmlCache [ RunTime:0.002280s ]
INFO: [ view_filter ] --END-- [ RunTime:0.002508s ]
INFO: [ app_end ] --START--
INFO: Run Behavior\ShowPageTrace [ RunTime:0.001590s ]
INFO: [ app_end ] --END-- [ RunTime:0.001784s ]

[ 2017-11-28T21:04:48+08:00 ] ::1 /cmApp/Admin
INFO: [ app_begin ] --START--
INFO: Run Behavior\ReadHtmlCache [ RunTime:0.001481s ]
INFO: [ app_begin ] --END-- [ RunTime:0.003048s ]
INFO: [ view_parse ] --START--
INFO: [ template_filter ] --START--
INFO: Run Behavior\ContentReplace [ RunTime:0.000149s ]
INFO: [ template_filter ] --END-- [ RunTime:0.000447s ]
INFO: Run Behavior\ParseTemplate [ RunTime:0.016570s ]
INFO: [ view_parse ] --END-- [ RunTime:0.016767s ]
INFO: [ view_filter ] --START--
INFO: Run Behavior\WriteHtmlCache [ RunTime:0.001299s ]
INFO: [ view_filter ] --END-- [ RunTime:0.001457s ]
INFO: [ app_end ] --START--
INFO: Run Behavior\ShowPageTrace [ RunTime:0.001253s ]
INFO: [ app_end ] --END-- [ RunTime:0.001400s ]

[ 2017-11-28T21:04:53+08:00 ] ::1 /cmApp/Admin/index
INFO: [ app_begin ] --START--
INFO: Run Behavior\ReadHtmlCache [ RunTime:0.000771s ]
INFO: [ app_begin ] --END-- [ RunTime:0.001315s ]
INFO: [ view_parse ] --START--
INFO: [ template_filter ] --START--
INFO: Run Behavior\ContentReplace [ RunTime:0.000097s ]
INFO: [ template_filter ] --END-- [ RunTime:0.000293s ]
INFO: Run Behavior\ParseTemplate [ RunTime:0.013762s ]
INFO: [ view_parse ] --END-- [ RunTime:0.013952s ]
INFO: [ view_filter ] --START--
INFO: Run Behavior\WriteHtmlCache [ RunTime:0.001163s ]
INFO: [ view_filter ] --END-- [ RunTime:0.001317s ]
INFO: [ app_end ] --START--
INFO: Run Behavior\ShowPageTrace [ RunTime:0.001386s ]
INFO: [ app_end ] --END-- [ RunTime:0.001594s ]

[ 2017-11-28T21:05:08+08:00 ] ::1 /cmApp/Admin/login
INFO: [ app_begin ] --START--
INFO: Run Behavior\ReadHtmlCache [ RunTime:0.000775s ]
INFO: [ app_begin ] --END-- [ RunTime:0.001336s ]
NOTIC: [8] A session had already been started - ignoring session_start() C:\wamp2\www\cmApp\cmApp\Home\Controller\AdminController.class.php 第 846 行.
NOTIC: [8192] mysql_connect(): The mysql extension is deprecated and will be removed in the future: use mysqli or PDO instead C:\wamp2\www\cmApp\ThinkPHP\Library\Think\Db\Driver\Mysql.class.php 第 52 行.
SQL: SHOW COLUMNS FROM `cm_admin` [ RunTime:0.006419s ]
SQL: SELECT * FROM `cm_admin` WHERE ( `a_account` = 'admin1' ) AND ( `a_password` = '202cb962ac59075b964b07152d234b70' ) LIMIT 1   [ RunTime:0.000296s ]
INFO: [ app_end ] --START--
INFO: Run Behavior\ShowPageTrace [ RunTime:0.001456s ]
INFO: [ app_end ] --END-- [ RunTime:0.001611s ]

[ 2017-11-28T21:05:08+08:00 ] ::1 /cmApp/Admin/Mains
INFO: [ app_begin ] --START--
INFO: Run Behavior\ReadHtmlCache [ RunTime:0.000779s ]
INFO: [ app_begin ] --END-- [ RunTime:0.001346s ]
INFO: [ view_parse ] --START--
INFO: [ template_filter ] --START--
INFO: Run Behavior\ContentReplace [ RunTime:0.000095s ]
INFO: [ template_filter ] --END-- [ RunTime:0.000284s ]
NOTIC: [8] A session had already been started - ignoring session_start() C:\wamp2\www\cmApp\cmApp\Runtime\Cache\Home\7071017c1fe140a7bed07cd05e036687.php 第 14 行.
INFO: Run Behavior\ParseTemplate [ RunTime:0.010972s ]
INFO: [ view_parse ] --END-- [ RunTime:0.011137s ]
INFO: [ view_filter ] --START--
INFO: Run Behavior\WriteHtmlCache [ RunTime:0.001053s ]
INFO: [ view_filter ] --END-- [ RunTime:0.001194s ]
INFO: [ app_end ] --START--
INFO: Run Behavior\ShowPageTrace [ RunTime:0.004039s ]
INFO: [ app_end ] --END-- [ RunTime:0.004285s ]

[ 2017-11-28T21:05:12+08:00 ] ::1 /cmApp/Admin/init
INFO: [ app_begin ] --START--
INFO: Run Behavior\ReadHtmlCache [ RunTime:0.000774s ]
INFO: [ app_begin ] --END-- [ RunTime:0.001297s ]
INFO: [ view_parse ] --START--
INFO: [ template_filter ] --START--
INFO: Run Behavior\ContentReplace [ RunTime:0.000098s ]
INFO: [ template_filter ] --END-- [ RunTime:0.000260s ]
NOTIC: [8] A session had already been started - ignoring session_start() C:\wamp2\www\cmApp\cmApp\Runtime\Cache\Home\029c63d6be0b845b1299cdf7e4d377cc.php 第 162 行.
INFO: Run Behavior\ParseTemplate [ RunTime:0.011647s ]
INFO: [ view_parse ] --END-- [ RunTime:0.011859s ]
INFO: [ view_filter ] --START--
INFO: Run Behavior\WriteHtmlCache [ RunTime:0.001072s ]
INFO: [ view_filter ] --END-- [ RunTime:0.001214s ]
INFO: [ app_end ] --START--
INFO: Run Behavior\ShowPageTrace [ RunTime:0.003679s ]
INFO: [ app_end ] --END-- [ RunTime:0.004049s ]

[ 2017-11-28T21:05:30+08:00 ] ::1 /cmApp/Admin/init
INFO: [ app_begin ] --START--
INFO: Run Behavior\ReadHtmlCache [ RunTime:0.000940s ]
INFO: [ app_begin ] --END-- [ RunTime:0.001581s ]
INFO: [ view_parse ] --START--
INFO: [ template_filter ] --START--
INFO: Run Behavior\ContentReplace [ RunTime:0.000125s ]
INFO: [ template_filter ] --END-- [ RunTime:0.000331s ]
NOTIC: [8] A session had already been started - ignoring session_start() C:\wamp2\www\cmApp\cmApp\Runtime\Cache\Home\029c63d6be0b845b1299cdf7e4d377cc.php 第 162 行.
INFO: Run Behavior\ParseTemplate [ RunTime:0.015927s ]
INFO: [ view_parse ] --END-- [ RunTime:0.016131s ]
INFO: [ view_filter ] --START--
INFO: Run Behavior\WriteHtmlCache [ RunTime:0.004085s ]
INFO: [ view_filter ] --END-- [ RunTime:0.004287s ]
INFO: [ app_end ] --START--
INFO: Run Behavior\ShowPageTrace [ RunTime:0.002422s ]
INFO: [ app_end ] --END-- [ RunTime:0.002744s ]

[ 2017-11-28T21:05:50+08:00 ] ::1 /cmApp/Admin/init
INFO: [ app_begin ] --START--
INFO: Run Behavior\ReadHtmlCache [ RunTime:0.001402s ]
INFO: [ app_begin ] --END-- [ RunTime:0.002542s ]
INFO: [ view_parse ] --START--
INFO: [ template_filter ] --START--
INFO: Run Behavior\ContentReplace [ RunTime:0.000100s ]
INFO: [ template_filter ] --END-- [ RunTime:0.000263s ]
NOTIC: [8] A session had already been started - ignoring session_start() C:\wamp2\www\cmApp\cmApp\Runtime\Cache\Home\029c63d6be0b845b1299cdf7e4d377cc.php 第 162 行.
INFO: Run Behavior\ParseTemplate [ RunTime:0.010579s ]
INFO: [ view_parse ] --END-- [ RunTime:0.010824s ]
INFO: [ view_filter ] --START--
INFO: Run Behavior\WriteHtmlCache [ RunTime:0.001398s ]
INFO: [ view_filter ] --END-- [ RunTime:0.001656s ]
INFO: [ app_end ] --START--
INFO: Run Behavior\ShowPageTrace [ RunTime:0.002937s ]
INFO: [ app_end ] --END-- [ RunTime:0.004092s ]

[ 2017-11-28T21:05:51+08:00 ] ::1 /cmApp/Admin/init
INFO: [ app_begin ] --START--
INFO: Run Behavior\ReadHtmlCache [ RunTime:0.001299s ]
INFO: [ app_begin ] --END-- [ RunTime:0.002103s ]
INFO: [ view_parse ] --START--
INFO: [ template_filter ] --START--
INFO: Run Behavior\ContentReplace [ RunTime:0.000114s ]
INFO: [ template_filter ] --END-- [ RunTime:0.000312s ]
NOTIC: [8] A session had already been started - ignoring session_start() C:\wamp2\www\cmApp\cmApp\Runtime\Cache\Home\029c63d6be0b845b1299cdf7e4d377cc.php 第 162 行.
INFO: Run Behavior\ParseTemplate [ RunTime:0.010517s ]
INFO: [ view_parse ] --END-- [ RunTime:0.010714s ]
INFO: [ view_filter ] --START--
INFO: Run Behavior\WriteHtmlCache [ RunTime:0.001081s ]
INFO: [ view_filter ] --END-- [ RunTime:0.001221s ]
INFO: [ app_end ] --START--
INFO: Run Behavior\ShowPageTrace [ RunTime:0.001875s ]
INFO: [ app_end ] --END-- [ RunTime:0.004369s ]

[ 2017-11-28T21:05:52+08:00 ] ::1 /cmApp/Admin/init
INFO: [ app_begin ] --START--
INFO: Run Behavior\ReadHtmlCache [ RunTime:0.003199s ]
INFO: [ app_begin ] --END-- [ RunTime:0.004337s ]
INFO: [ view_parse ] --START--
INFO: [ template_filter ] --START--
INFO: Run Behavior\ContentReplace [ RunTime:0.000244s ]
INFO: [ template_filter ] --END-- [ RunTime:0.000803s ]
NOTIC: [8] A session had already been started - ignoring session_start() C:\wamp2\www\cmApp\cmApp\Runtime\Cache\Home\029c63d6be0b845b1299cdf7e4d377cc.php 第 162 行.
INFO: Run Behavior\ParseTemplate [ RunTime:0.011630s ]
INFO: [ view_parse ] --END-- [ RunTime:0.011801s ]
INFO: [ view_filter ] --START--
INFO: Run Behavior\WriteHtmlCache [ RunTime:0.001085s ]
INFO: [ view_filter ] --END-- [ RunTime:0.001237s ]
INFO: [ app_end ] --START--
INFO: Run Behavior\ShowPageTrace [ RunTime:0.001352s ]
INFO: [ app_end ] --END-- [ RunTime:0.001522s ]

[ 2017-11-28T21:05:52+08:00 ] ::1 /cmApp/Admin/init
INFO: [ app_begin ] --START--
INFO: Run Behavior\ReadHtmlCache [ RunTime:0.000871s ]
INFO: [ app_begin ] --END-- [ RunTime:0.001456s ]
INFO: [ view_parse ] --START--
INFO: [ template_filter ] --START--
INFO: Run Behavior\ContentReplace [ RunTime:0.000103s ]
INFO: [ template_filter ] --END-- [ RunTime:0.000271s ]
NOTIC: [8] A session had already been started - ignoring session_start() C:\wamp2\www\cmApp\cmApp\Runtime\Cache\Home\029c63d6be0b845b1299cdf7e4d377cc.php 第 162 行.
INFO: Run Behavior\ParseTemplate [ RunTime:0.014850s ]
INFO: [ view_parse ] --END-- [ RunTime:0.015021s ]
INFO: [ view_filter ] --START--
INFO: Run Behavior\WriteHtmlCache [ RunTime:0.001108s ]
INFO: [ view_filter ] --END-- [ RunTime:0.001265s ]
INFO: [ app_end ] --START--
INFO: Run Behavior\ShowPageTrace [ RunTime:0.001544s ]
INFO: [ app_end ] --END-- [ RunTime:0.001727s ]

[ 2017-11-28T21:06:01+08:00 ] ::1 /cmApp/Admin/init
INFO: [ app_begin ] --START--
INFO: Run Behavior\ReadHtmlCache [ RunTime:0.001141s ]
INFO: [ app_begin ] --END-- [ RunTime:0.001956s ]
INFO: [ view_parse ] --START--
INFO: [ template_filter ] --START--
INFO: Run Behavior\ContentReplace [ RunTime:0.000097s ]
INFO: [ template_filter ] --END-- [ RunTime:0.000251s ]
NOTIC: [8] A session had already been started - ignoring session_start() C:\wamp2\www\cmApp\cmApp\Runtime\Cache\Home\029c63d6be0b845b1299cdf7e4d377cc.php 第 162 行.
INFO: Run Behavior\ParseTemplate [ RunTime:0.012569s ]
INFO: [ view_parse ] --END-- [ RunTime:0.012778s ]
INFO: [ view_filter ] --START--
INFO: Run Behavior\WriteHtmlCache [ RunTime:0.003073s ]
INFO: [ view_filter ] --END-- [ RunTime:0.003274s ]
INFO: [ app_end ] --START--
INFO: Run Behavior\ShowPageTrace [ RunTime:0.001667s ]
INFO: [ app_end ] --END-- [ RunTime:0.001848s ]

[ 2017-11-28T21:06:02+08:00 ] ::1 /cmApp/Admin/init
INFO: [ app_begin ] --START--
INFO: Run Behavior\ReadHtmlCache [ RunTime:0.001022s ]
INFO: [ app_begin ] --END-- [ RunTime:0.001727s ]
INFO: [ view_parse ] --START--
INFO: [ template_filter ] --START--
INFO: Run Behavior\ContentReplace [ RunTime:0.000099s ]
INFO: [ template_filter ] --END-- [ RunTime:0.000259s ]
NOTIC: [8] A session had already been started - ignoring session_start() C:\wamp2\www\cmApp\cmApp\Runtime\Cache\Home\029c63d6be0b845b1299cdf7e4d377cc.php 第 162 行.
INFO: Run Behavior\ParseTemplate [ RunTime:0.015362s ]
INFO: [ view_parse ] --END-- [ RunTime:0.015547s ]
INFO: [ view_filter ] --START--
INFO: Run Behavior\WriteHtmlCache [ RunTime:0.001068s ]
INFO: [ view_filter ] --END-- [ RunTime:0.001211s ]
INFO: [ app_end ] --START--
INFO: Run Behavior\ShowPageTrace [ RunTime:0.002121s ]
INFO: [ app_end ] --END-- [ RunTime:0.002386s ]

[ 2017-11-28T21:06:13+08:00 ] ::1 /cmApp/Admin/init
INFO: [ app_begin ] --START--
INFO: Run Behavior\ReadHtmlCache [ RunTime:0.001240s ]
INFO: [ app_begin ] --END-- [ RunTime:0.002112s ]
INFO: [ view_parse ] --START--
INFO: [ template_filter ] --START--
INFO: Run Behavior\ContentReplace [ RunTime:0.000100s ]
INFO: [ template_filter ] --END-- [ RunTime:0.000265s ]
NOTIC: [8] A session had already been started - ignoring session_start() C:\wamp2\www\cmApp\cmApp\Runtime\Cache\Home\029c63d6be0b845b1299cdf7e4d377cc.php 第 162 行.
INFO: Run Behavior\ParseTemplate [ RunTime:0.013819s ]
INFO: [ view_parse ] --END-- [ RunTime:0.014053s ]
INFO: [ view_filter ] --START--
INFO: Run Behavior\WriteHtmlCache [ RunTime:0.001606s ]
INFO: [ view_filter ] --END-- [ RunTime:0.001781s ]
INFO: [ app_end ] --START--
INFO: Run Behavior\ShowPageTrace [ RunTime:0.002250s ]
INFO: [ app_end ] --END-- [ RunTime:0.002515s ]

[ 2017-11-28T21:06:14+08:00 ] ::1 /cmApp/Admin/init
INFO: [ app_begin ] --START--
INFO: Run Behavior\ReadHtmlCache [ RunTime:0.001313s ]
INFO: [ app_begin ] --END-- [ RunTime:0.002159s ]
INFO: [ view_parse ] --START--
INFO: [ template_filter ] --START--
INFO: Run Behavior\ContentReplace [ RunTime:0.000099s ]
INFO: [ template_filter ] --END-- [ RunTime:0.000261s ]
NOTIC: [8] A session had already been started - ignoring session_start() C:\wamp2\www\cmApp\cmApp\Runtime\Cache\Home\029c63d6be0b845b1299cdf7e4d377cc.php 第 162 行.
INFO: Run Behavior\ParseTemplate [ RunTime:0.011404s ]
INFO: [ view_parse ] --END-- [ RunTime:0.011689s ]
INFO: [ view_filter ] --START--
INFO: Run Behavior\WriteHtmlCache [ RunTime:0.002581s ]
INFO: [ view_filter ] --END-- [ RunTime:0.002788s ]
INFO: [ app_end ] --START--
INFO: Run Behavior\ShowPageTrace [ RunTime:0.001496s ]
INFO: [ app_end ] --END-- [ RunTime:0.001664s ]

[ 2017-11-28T21:06:27+08:00 ] ::1 /cmApp/Admin/init
INFO: [ app_begin ] --START--
INFO: Run Behavior\ReadHtmlCache [ RunTime:0.001144s ]
INFO: [ app_begin ] --END-- [ RunTime:0.001954s ]
INFO: [ view_parse ] --START--
INFO: [ template_filter ] --START--
INFO: Run Behavior\ContentReplace [ RunTime:0.000206s ]
INFO: [ template_filter ] --END-- [ RunTime:0.000545s ]
NOTIC: [8] A session had already been started - ignoring session_start() C:\wamp2\www\cmApp\cmApp\Runtime\Cache\Home\029c63d6be0b845b1299cdf7e4d377cc.php 第 162 行.
INFO: Run Behavior\ParseTemplate [ RunTime:0.022404s ]
INFO: [ view_parse ] --END-- [ RunTime:0.022565s ]
INFO: [ view_filter ] --START--
INFO: Run Behavior\WriteHtmlCache [ RunTime:0.001091s ]
INFO: [ view_filter ] --END-- [ RunTime:0.001244s ]
INFO: [ app_end ] --START--
INFO: Run Behavior\ShowPageTrace [ RunTime:0.001441s ]
INFO: [ app_end ] --END-- [ RunTime:0.001696s ]

[ 2017-11-28T21:06:32+08:00 ] ::1 /cmApp/Admin/userManager
INFO: [ app_begin ] --START--
INFO: Run Behavior\ReadHtmlCache [ RunTime:0.001111s ]
INFO: [ app_begin ] --END-- [ RunTime:0.001738s ]
INFO: [ view_parse ] --START--
INFO: [ template_filter ] --START--
INFO: Run Behavior\ContentReplace [ RunTime:0.000106s ]
INFO: [ template_filter ] --END-- [ RunTime:0.000277s ]
NOTIC: [8] A session had already been started - ignoring session_start() C:\wamp2\www\cmApp\cmApp\Runtime\Cache\Home\197a4fd02af1515abfc36c660e398f5d.php 第 86 行.
INFO: Run Behavior\ParseTemplate [ RunTime:0.019522s ]
INFO: [ view_parse ] --END-- [ RunTime:0.019679s ]
INFO: [ view_filter ] --START--
INFO: Run Behavior\WriteHtmlCache [ RunTime:0.001026s ]
INFO: [ view_filter ] --END-- [ RunTime:0.001166s ]
INFO: [ app_end ] --START--
INFO: Run Behavior\ShowPageTrace [ RunTime:0.001193s ]
INFO: [ app_end ] --END-- [ RunTime:0.001335s ]

[ 2017-11-28T21:06:32+08:00 ] ::1 /cmApp/Admin/getHomeAdmin
INFO: [ app_begin ] --START--
INFO: Run Behavior\ReadHtmlCache [ RunTime:0.000942s ]
INFO: [ app_begin ] --END-- [ RunTime:0.001602s ]
NOTIC: [8192] mysql_connect(): The mysql extension is deprecated and will be removed in the future: use mysqli or PDO instead C:\wamp2\www\cmApp\ThinkPHP\Library\Think\Db\Driver\Mysql.class.php 第 52 行.
SQL: SHOW COLUMNS FROM `cm_home_admin` [ RunTime:0.007315s ]
SQL: SELECT COUNT(*) AS tp_count FROM `cm_home_admin` WHERE ( `home_admin_account` LIKE '%%' ) AND ( `home_admin_name` LIKE '%%' ) LIMIT 1   [ RunTime:0.000631s ]
SQL: SELECT * FROM `cm_home_admin` WHERE ( `home_admin_account` LIKE '%%' ) AND ( `home_admin_name` LIKE '%%' ) LIMIT 0,10   [ RunTime:0.000581s ]
INFO: [ app_end ] --START--
INFO: Run Behavior\ShowPageTrace [ RunTime:0.001670s ]
INFO: [ app_end ] --END-- [ RunTime:0.001894s ]

[ 2017-11-28T21:06:34+08:00 ] ::1 /cmApp/Admin/showStudentSpe
INFO: [ app_begin ] --START--
INFO: Run Behavior\ReadHtmlCache [ RunTime:0.000860s ]
INFO: [ app_begin ] --END-- [ RunTime:0.001576s ]
INFO: [ view_parse ] --START--
INFO: [ template_filter ] --START--
INFO: Run Behavior\ContentReplace [ RunTime:0.000158s ]
INFO: [ template_filter ] --END-- [ RunTime:0.000354s ]
NOTIC: [8] A session had already been started - ignoring session_start() C:\wamp2\www\cmApp\cmApp\Runtime\Cache\Home\08ee2a66cc5c839611d605c69769d967.php 第 76 行.
INFO: Run Behavior\ParseTemplate [ RunTime:0.013063s ]
INFO: [ view_parse ] --END-- [ RunTime:0.013267s ]
INFO: [ view_filter ] --START--
INFO: Run Behavior\WriteHtmlCache [ RunTime:0.001021s ]
INFO: [ view_filter ] --END-- [ RunTime:0.001160s ]
INFO: [ app_end ] --START--
INFO: Run Behavior\ShowPageTrace [ RunTime:0.002140s ]
INFO: [ app_end ] --END-- [ RunTime:0.002300s ]

[ 2017-11-28T21:06:34+08:00 ] ::1 /cmApp/Admin/getStudentSpe
INFO: [ app_begin ] --START--
INFO: Run Behavior\ReadHtmlCache [ RunTime:0.001462s ]
INFO: [ app_begin ] --END-- [ RunTime:0.002428s ]
NOTIC: [8192] mysql_connect(): The mysql extension is deprecated and will be removed in the future: use mysqli or PDO instead C:\wamp2\www\cmApp\ThinkPHP\Library\Think\Db\Driver\Mysql.class.php 第 52 行.
SQL: SHOW COLUMNS FROM `cm_authority` [ RunTime:0.007033s ]
NOTIC: [8] Undefined variable: condition C:\wamp2\www\cmApp\cmApp\Home\Controller\AdminController.class.php 第 1037 行.
SQL: SELECT COUNT(*) AS tp_count FROM `cm_authority` LIMIT 1   [ RunTime:0.000310s ]
NOTIC: [8] Undefined variable: condition C:\wamp2\www\cmApp\cmApp\Home\Controller\AdminController.class.php 第 1039 行.
SQL: SELECT cm_student.stu_no,`stu_name`,`authority` FROM `cm_authority` INNER JOIN cm_student ON cm_authority.stu_no = cm_student.stu_no  LIMIT 0,10   [ RunTime:0.008343s ]
NOTIC: [2] Invalid argument supplied for foreach() C:\wamp2\www\cmApp\cmApp\Home\Controller\AdminController.class.php 第 1041 行.
INFO: [ app_end ] --START--
INFO: Run Behavior\ShowPageTrace [ RunTime:0.002352s ]
INFO: [ app_end ] --END-- [ RunTime:0.002574s ]

[ 2017-11-28T21:06:53+08:00 ] ::1 /cmApp/Admin/addAuthority
INFO: [ app_begin ] --START--
INFO: Run Behavior\ReadHtmlCache [ RunTime:0.000996s ]
INFO: [ app_begin ] --END-- [ RunTime:0.001802s ]
NOTIC: [8192] mysql_connect(): The mysql extension is deprecated and will be removed in the future: use mysqli or PDO instead C:\wamp2\www\cmApp\ThinkPHP\Library\Think\Db\Driver\Mysql.class.php 第 52 行.
SQL: SHOW COLUMNS FROM `cm_student` [ RunTime:0.004608s ]
SQL: SELECT * FROM `cm_student` WHERE ( `stu_no` = '0104160101' ) LIMIT 1   [ RunTime:0.000307s ]
SQL: SHOW COLUMNS FROM `cm_authority` [ RunTime:0.006108s ]
SQL: INSERT INTO `cm_authority` (`stu_no`,`authority`) VALUES ('0104160101',1) [ RunTime:0.001544s ]
INFO: [ app_end ] --START--
INFO: Run Behavior\ShowPageTrace [ RunTime:0.001916s ]
INFO: [ app_end ] --END-- [ RunTime:0.002134s ]

[ 2017-11-28T21:06:53+08:00 ] ::1 /cmApp/Admin/getStudentSpe
INFO: [ app_begin ] --START--
INFO: Run Behavior\ReadHtmlCache [ RunTime:0.000903s ]
INFO: [ app_begin ] --END-- [ RunTime:0.001558s ]
NOTIC: [8192] mysql_connect(): The mysql extension is deprecated and will be removed in the future: use mysqli or PDO instead C:\wamp2\www\cmApp\ThinkPHP\Library\Think\Db\Driver\Mysql.class.php 第 52 行.
SQL: SHOW COLUMNS FROM `cm_authority` [ RunTime:0.005961s ]
NOTIC: [8] Undefined variable: condition C:\wamp2\www\cmApp\cmApp\Home\Controller\AdminController.class.php 第 1037 行.
SQL: SELECT COUNT(*) AS tp_count FROM `cm_authority` LIMIT 1   [ RunTime:0.000250s ]
NOTIC: [8] Undefined variable: condition C:\wamp2\www\cmApp\cmApp\Home\Controller\AdminController.class.php 第 1039 行.
SQL: SELECT cm_student.stu_no,`stu_name`,`authority` FROM `cm_authority` INNER JOIN cm_student ON cm_authority.stu_no = cm_student.stu_no  LIMIT 0,10   [ RunTime:0.005720s ]
INFO: [ app_end ] --START--
INFO: Run Behavior\ShowPageTrace [ RunTime:0.001834s ]
INFO: [ app_end ] --END-- [ RunTime:0.002081s ]

[ 2017-11-28T21:07:04+08:00 ] ::1 /cmApp/Admin/showStudentSpe
INFO: [ app_begin ] --START--
INFO: Run Behavior\ReadHtmlCache [ RunTime:0.001937s ]
INFO: [ app_begin ] --END-- [ RunTime:0.003579s ]
INFO: [ view_parse ] --START--
INFO: [ template_filter ] --START--
INFO: Run Behavior\ContentReplace [ RunTime:0.000158s ]
INFO: [ template_filter ] --END-- [ RunTime:0.000432s ]
NOTIC: [8] A session had already been started - ignoring session_start() C:\wamp2\www\cmApp\cmApp\Runtime\Cache\Home\08ee2a66cc5c839611d605c69769d967.php 第 76 行.
INFO: Run Behavior\ParseTemplate [ RunTime:0.018478s ]
INFO: [ view_parse ] --END-- [ RunTime:0.018685s ]
INFO: [ view_filter ] --START--
INFO: Run Behavior\WriteHtmlCache [ RunTime:0.001487s ]
INFO: [ view_filter ] --END-- [ RunTime:0.001704s ]
INFO: [ app_end ] --START--
INFO: Run Behavior\ShowPageTrace [ RunTime:0.001406s ]
INFO: [ app_end ] --END-- [ RunTime:0.001653s ]

[ 2017-11-28T21:07:05+08:00 ] ::1 /cmApp/Admin/getStudentSpe
INFO: [ app_begin ] --START--
INFO: Run Behavior\ReadHtmlCache [ RunTime:0.001394s ]
INFO: [ app_begin ] --END-- [ RunTime:0.002356s ]
NOTIC: [8192] mysql_connect(): The mysql extension is deprecated and will be removed in the future: use mysqli or PDO instead C:\wamp2\www\cmApp\ThinkPHP\Library\Think\Db\Driver\Mysql.class.php 第 52 行.
SQL: SHOW COLUMNS FROM `cm_authority` [ RunTime:0.006198s ]
NOTIC: [8] Undefined variable: condition C:\wamp2\www\cmApp\cmApp\Home\Controller\AdminController.class.php 第 1037 行.
SQL: SELECT COUNT(*) AS tp_count FROM `cm_authority` LIMIT 1   [ RunTime:0.000390s ]
NOTIC: [8] Undefined variable: condition C:\wamp2\www\cmApp\cmApp\Home\Controller\AdminController.class.php 第 1039 行.
SQL: SELECT cm_student.stu_no,`stu_name`,`authority` FROM `cm_authority` INNER JOIN cm_student ON cm_authority.stu_no = cm_student.stu_no  LIMIT 0,10   [ RunTime:0.007682s ]
INFO: [ app_end ] --START--
INFO: Run Behavior\ShowPageTrace [ RunTime:0.002611s ]
INFO: [ app_end ] --END-- [ RunTime:0.002862s ]

[ 2017-11-28T21:10:25+08:00 ] ::1 /cmApp/Admin/showStudentSpe
INFO: [ app_begin ] --START--
INFO: Run Behavior\ReadHtmlCache [ RunTime:0.002563s ]
INFO: [ app_begin ] --END-- [ RunTime:0.003490s ]
INFO: [ view_parse ] --START--
INFO: [ template_filter ] --START--
INFO: Run Behavior\ContentReplace [ RunTime:0.000096s ]
INFO: [ template_filter ] --END-- [ RunTime:0.000260s ]
NOTIC: [8] A session had already been started - ignoring session_start() C:\wamp2\www\cmApp\cmApp\Runtime\Cache\Home\08ee2a66cc5c839611d605c69769d967.php 第 76 行.
INFO: Run Behavior\ParseTemplate [ RunTime:0.011793s ]
INFO: [ view_parse ] --END-- [ RunTime:0.011968s ]
INFO: [ view_filter ] --START--
INFO: Run Behavior\WriteHtmlCache [ RunTime:0.000804s ]
INFO: [ view_filter ] --END-- [ RunTime:0.000947s ]
INFO: [ app_end ] --START--
INFO: Run Behavior\ShowPageTrace [ RunTime:0.001042s ]
INFO: [ app_end ] --END-- [ RunTime:0.001214s ]

[ 2017-11-28T21:10:25+08:00 ] ::1 /cmApp/Admin/getStudentSpe
INFO: [ app_begin ] --START--
INFO: Run Behavior\ReadHtmlCache [ RunTime:0.001314s ]
INFO: [ app_begin ] --END-- [ RunTime:0.002225s ]
NOTIC: [8192] mysql_connect(): The mysql extension is deprecated and will be removed in the future: use mysqli or PDO instead C:\wamp2\www\cmApp\ThinkPHP\Library\Think\Db\Driver\Mysql.class.php 第 52 行.
SQL: SHOW COLUMNS FROM `cm_authority` [ RunTime:0.005912s ]
NOTIC: [8] Undefined variable: condition C:\wamp2\www\cmApp\cmApp\Home\Controller\AdminController.class.php 第 1037 行.
SQL: SELECT COUNT(*) AS tp_count FROM `cm_authority` LIMIT 1   [ RunTime:0.000445s ]
NOTIC: [8] Undefined variable: condition C:\wamp2\www\cmApp\cmApp\Home\Controller\AdminController.class.php 第 1039 行.
SQL: SELECT cm_student.stu_no,`stu_name`,`authority` FROM `cm_authority` INNER JOIN cm_student ON cm_authority.stu_no = cm_student.stu_no  LIMIT 0,10   [ RunTime:0.008646s ]
INFO: [ app_end ] --START--
INFO: Run Behavior\ShowPageTrace [ RunTime:0.001959s ]
INFO: [ app_end ] --END-- [ RunTime:0.002313s ]

[ 2017-11-28T21:10:28+08:00 ] ::1 /cmApp/Admin/
INFO: [ app_begin ] --START--
INFO: Run Behavior\ReadHtmlCache [ RunTime:0.001039s ]
INFO: [ app_begin ] --END-- [ RunTime:0.001637s ]
INFO: [ view_parse ] --START--
INFO: [ template_filter ] --START--
INFO: Run Behavior\ContentReplace [ RunTime:0.000090s ]
INFO: [ template_filter ] --END-- [ RunTime:0.000260s ]
INFO: Run Behavior\ParseTemplate [ RunTime:0.008156s ]
INFO: [ view_parse ] --END-- [ RunTime:0.008480s ]
INFO: [ view_filter ] --START--
INFO: Run Behavior\WriteHtmlCache [ RunTime:0.001000s ]
INFO: [ view_filter ] --END-- [ RunTime:0.001162s ]
INFO: [ app_end ] --START--
INFO: Run Behavior\ShowPageTrace [ RunTime:0.000903s ]
INFO: [ app_end ] --END-- [ RunTime:0.001062s ]

[ 2017-11-28T21:10:33+08:00 ] ::1 /cmApp/Admin/login
INFO: [ app_begin ] --START--
INFO: Run Behavior\ReadHtmlCache [ RunTime:0.000734s ]
INFO: [ app_begin ] --END-- [ RunTime:0.001263s ]
NOTIC: [8] A session had already been started - ignoring session_start() C:\wamp2\www\cmApp\cmApp\Home\Controller\AdminController.class.php 第 846 行.
NOTIC: [8192] mysql_connect(): The mysql extension is deprecated and will be removed in the future: use mysqli or PDO instead C:\wamp2\www\cmApp\ThinkPHP\Library\Think\Db\Driver\Mysql.class.php 第 52 行.
SQL: SHOW COLUMNS FROM `cm_admin` [ RunTime:0.006204s ]
SQL: SELECT * FROM `cm_admin` WHERE ( `a_account` = 'admin1' ) AND ( `a_password` = '202cb962ac59075b964b07152d234b70' ) LIMIT 1   [ RunTime:0.000324s ]
INFO: [ app_end ] --START--
INFO: Run Behavior\ShowPageTrace [ RunTime:0.000995s ]
INFO: [ app_end ] --END-- [ RunTime:0.001171s ]

[ 2017-11-28T21:10:33+08:00 ] ::1 /cmApp/Admin/Mains
INFO: [ app_begin ] --START--
INFO: Run Behavior\ReadHtmlCache [ RunTime:0.000970s ]
INFO: [ app_begin ] --END-- [ RunTime:0.001507s ]
INFO: [ view_parse ] --START--
INFO: [ template_filter ] --START--
INFO: Run Behavior\ContentReplace [ RunTime:0.000081s ]
INFO: [ template_filter ] --END-- [ RunTime:0.000230s ]
NOTIC: [8] A session had already been started - ignoring session_start() C:\wamp2\www\cmApp\cmApp\Runtime\Cache\Home\7071017c1fe140a7bed07cd05e036687.php 第 14 行.
INFO: Run Behavior\ParseTemplate [ RunTime:0.007474s ]
INFO: [ view_parse ] --END-- [ RunTime:0.007638s ]
INFO: [ view_filter ] --START--
INFO: Run Behavior\WriteHtmlCache [ RunTime:0.000636s ]
INFO: [ view_filter ] --END-- [ RunTime:0.000787s ]
INFO: [ app_end ] --START--
INFO: Run Behavior\ShowPageTrace [ RunTime:0.000847s ]
INFO: [ app_end ] --END-- [ RunTime:0.000996s ]

[ 2017-11-28T21:10:35+08:00 ] ::1 /cmApp/Admin/init
INFO: [ app_begin ] --START--
INFO: Run Behavior\ReadHtmlCache [ RunTime:0.000745s ]
INFO: [ app_begin ] --END-- [ RunTime:0.001352s ]
INFO: [ view_parse ] --START--
INFO: [ template_filter ] --START--
INFO: Run Behavior\ContentReplace [ RunTime:0.000113s ]
INFO: [ template_filter ] --END-- [ RunTime:0.000301s ]
NOTIC: [8] A session had already been started - ignoring session_start() C:\wamp2\www\cmApp\cmApp\Runtime\Cache\Home\029c63d6be0b845b1299cdf7e4d377cc.php 第 162 行.
INFO: Run Behavior\ParseTemplate [ RunTime:0.008990s ]
INFO: [ view_parse ] --END-- [ RunTime:0.009395s ]
INFO: [ view_filter ] --START--
INFO: Run Behavior\WriteHtmlCache [ RunTime:0.000706s ]
INFO: [ view_filter ] --END-- [ RunTime:0.000872s ]
INFO: [ app_end ] --START--
INFO: Run Behavior\ShowPageTrace [ RunTime:0.000962s ]
INFO: [ app_end ] --END-- [ RunTime:0.001151s ]

